<?xml version="1.0" encoding="UTF-8"?>
<testsuites>
  <testsuite name="shop.spec.ts" tests="3" failures="1" time="12.1">
    <testcase name="checkout" classname="shop.spec.ts" time="3.4"/>
    <testcase name="payment" classname="shop.spec.ts" time="8.0">
      <failure message="AssertionError: expected cart total to equal charged amount">AssertionError: expected cart total to equal charged amount
    at PaymentPage.verify (/home/ci/repo/e2e/pages/payment-page.ts:61:11)</failure>
    </testcase>
    <testcase name="login" classname="shop.spec.ts" time="0.7"/>
  </testsuite>
</testsuites>
